
Showing logs for build [32mjstrachan-nodey434-master-k5dfs-13[0m stage [32mfrom-build-pack[0m and container [32mstep-credential-initializer-tl67s[0m
{"level":"warn","ts":1584547614.5522933,"logger":"fallback-logger","caller":"logging/config.go:69","msg":"Fetch GitHub commit ID from kodata failed: \"ref: refs/heads/0.8.0-**-support-backwards-incompats\" is not a valid GitHub commit ID"}
{"level":"info","ts":1584547614.5567572,"logger":"fallback-logger","caller":"creds-init/main.go:40","msg":"Credentials initialized."}

Showing logs for build [32mjstrachan-nodey434-master-k5dfs-13[0m stage [32mfrom-build-pack[0m and container [32mstep-working-dir-initializer-b42d8[0m
{"level":"warn","ts":1584547615.0633426,"logger":"fallback-logger","caller":"logging/config.go:69","msg":"Fetch GitHub commit ID from kodata failed: open /var/run/ko/HEAD: no such file or directory"}
{"level":"info","ts":1584547615.0646362,"logger":"fallback-logger","caller":"bash/main.go:64","msg":"Successfully executed command \"sh -c mkdir -p /workspace/source\"; output "}

Showing logs for build [32mjstrachan-nodey434-master-k5dfs-13[0m stage [32mfrom-build-pack[0m and container [32mstep-place-tools[0m

Showing logs for build [32mjstrachan-nodey434-master-k5dfs-13[0m stage [32mfrom-build-pack[0m and container [32mstep-git-source-jstrachan-nodey434-master-k5dfs-tmxff[0m
{"level":"warn","ts":1584547622.1444855,"logger":"fallback-logger","caller":"logging/config.go:69","msg":"Fetch GitHub commit ID from kodata failed: \"ref: refs/heads/0.8.0-**-support-backwards-incompats\" is not a valid GitHub commit ID"}
{"level":"info","ts":1584547623.4029346,"logger":"fallback-logger","caller":"git/git.go:103","msg":"Successfully cloned https://github.com/*********/nodey434.git @ v1.0.5 in path /workspace/source"}

Showing logs for build [32mjstrachan-nodey434-master-k5dfs-13[0m stage [32mfrom-build-pack[0m and container [32mstep-git-merge[0m
Using SHAs from PULL_REFS=master:
WARNING: no SHAs to merge, falling back to initial cloned commit

Showing logs for build [32mjstrachan-nodey434-master-k5dfs-13[0m stage [32mfrom-build-pack[0m and container [32mstep-setup-jx-git-credentials[0m
Cloning the Jenkins X versions repo https://github.com/jenkins-x-labs/jenkins-x-versions.git with ref refs/heads/master to /builder/home/.**/jenkins-x-versions
Generated Git credentials file /workspace/xdg_config/git/credentials

Showing logs for build [32mjstrachan-nodey434-master-k5dfs-13[0m stage [32mfrom-build-pack[0m and container [32mstep-build-npmrc[0m
Command "credential" is deprecated, it will be removed on Jun 1 2020.  This is replaced by Tekton's mounted secrets
WARNING: failed to find Secret npm-token in namespace **

Showing logs for build [32mjstrachan-nodey434-master-k5dfs-13[0m stage [32mfrom-build-pack[0m and container [32mstep-build-npm-install[0m
npm notice created a lockfile as package-lock.json. You should commit this file.
npm WARN REPLACE_ME@1.0.5 No repository field.
npm WARN REPLACE_ME@1.0.5 No license field.

up to date in 0.499s
found 0 vulnerabilities


Showing logs for build [32mjstrachan-nodey434-master-k5dfs-13[0m stage [32mfrom-build-pack[0m and container [32mstep-build-npm-test[0m

> REPLACE_ME@1.0.5 test /workspace/source
> echo "no test specified" && exit 0

no test specified

Showing logs for build [32mjstrachan-nodey434-master-k5dfs-13[0m stage [32mfrom-build-pack[0m and container [32mstep-build-container-build[0m
ERROR: logging before flag.Parse: E0318 16:07:14.612574      11 metadata.go:241] Failed to unmarshal scopes: invalid character 'h' looking for beginning of value
[36mINFO[0m[0000] Downloading base image node:9-slim           
ERROR: logging before flag.Parse: E0318 16:07:14.624486      11 metadata.go:142] while reading 'google-dockercfg' metadata: http status code: 404 while fetching url http://metadata.google.internal./computeMetadata/v1/instance/attributes/google-dockercfg
ERROR: logging before flag.Parse: E0318 16:07:14.626799      11 metadata.go:159] while reading 'google-dockercfg-url' metadata: http status code: 404 while fetching url http://metadata.google.internal./computeMetadata/v1/instance/attributes/google-dockercfg-url
2020/03/18 16:07:14 No matching credentials were found, falling back on anonymous
[36mINFO[0m[0002] Error while retrieving image from cache: getting file info: stat /workspace/sha256:0e0175bbe4f8d9d104590d8d2c591017874e30977cb71aaff1cf6fa99479575c: no such file or directory 
[36mINFO[0m[0002] Downloading base image node:9-slim           
2020/03/18 16:07:16 No matching credentials were found, falling back on anonymous
[36mINFO[0m[0004] Executing 0 build triggers                   
[36mINFO[0m[0004] cmd: EXPOSE                                  
[36mINFO[0m[0004] Adding exposed port: 8080/tcp                
[36mINFO[0m[0004] Using files from context: [/workspace/source] 
[36mINFO[0m[0004] Skipping unpacking as no commands require it. 
[36mINFO[0m[0004] Taking snapshot of full filesystem...        
[36mINFO[0m[0004] ENV PORT 8080                                
[36mINFO[0m[0004] No files changed in this command, skipping snapshotting. 
[36mINFO[0m[0004] EXPOSE 8080                                  
[36mINFO[0m[0004] cmd: EXPOSE                                  
[36mINFO[0m[0004] Adding exposed port: 8080/tcp                
[36mINFO[0m[0004] No files changed in this command, skipping snapshotting. 
[36mINFO[0m[0004] WORKDIR /usr/src/app                         
[36mINFO[0m[0004] cmd: workdir                                 
[36mINFO[0m[0004] Changed working directory to /usr/src/app    
[36mINFO[0m[0004] Creating directory /usr/src/app              
[36mINFO[0m[0004] Taking snapshot of files...                  
[36mINFO[0m[0004] Using files from context: [/workspace/source] 
[36mINFO[0m[0004] COPY . .                                     
[36mINFO[0m[0004] Taking snapshot of files...                  
[36mINFO[0m[0005] CMD ["npm", "start"]                         
[36mINFO[0m[0005] No files changed in this command, skipping snapshotting. 
2020/03/18 16:07:19 existing blob: sha256:a88538b9cd05cfa611e43a25582a95ad7879f6fa708b0386a26b71ee62235bb3
2020/03/18 16:07:19 existing blob: sha256:196b8e3c919d5639193ba6c6e54774528942041bbc37606631a2250502985c3c
2020/03/18 16:07:19 existing blob: sha256:e01bd28a434b56ffd2a3fe9aa99b9b69aecca69904843edd30b1ee7150d79904
2020/03/18 16:07:19 existing blob: sha256:5bba3ecb4cd6374a19da45f2a3db0a9c0804984358b3bb4b666c28944016e5ff
2020/03/18 16:07:19 existing blob: sha256:7d083412657baa2dafba8d093034ef26f9ed2c90fb6ed95f76bb55aff03ed429
2020/03/18 16:07:22 pushed blob: sha256:bce4f65dd39b8835adcf1cb7495e80029ee6aca3c403444bda48f4e3ac17b9e9
2020/03/18 16:07:22 pushed blob: sha256:67a009d30691fe7d3e781f7731b486eece466e8ee3841145f44d21b7d1e07da5
2020/03/18 16:07:22 pushed blob: sha256:0be3f1d85d48abd7f2a52876bbba2d36175498a8d503544d7f9db3855854597c
2020/03/18 16:07:23 gcr.io/*********-multicluster/nodey434:1.0.5: digest: sha256:a00b82c8ea66de69ff1f1d3e6d77145866a61a6ac7c82e9a9a7b50e8453b6cca size: 1404

Showing logs for build [32mjstrachan-nodey434-master-k5dfs-13[0m stage [32mfrom-build-pack[0m and container [32mstep-build-post-build[0m
no CVE provider running in the current ** namespace so skip adding image to be analysed

Showing logs for build [32mjstrachan-nodey434-master-k5dfs-13[0m stage [32mfrom-build-pack[0m and container [32mstep-promote-changelog[0m
Converted /workspace/source/charts/nodey434 to an unshallow repository
Generating change log from git ref 053a66091c121e91ecfe04f3dfb5a8c037ada866 => 9036b0fc84f46217b4b93106ead8293e0ee741c1
Associating user x-0 in users.jenkins.io with email jenkins-x@googlegroups.com to git GitProvider user with login -0 as emails match
Adding label jenkins.io/git-github-userid=-0 to user x-0 in users.jenkins.io
WARNING: Failed to enrich commit 575f0c687c3c99b569e02be92abf0cd56b775c26 with issues: User.jenkins.io "x-0" is invalid: metadata.labels: Invalid value: "-0": a valid label must be an empty string or consist of alphanumeric characters, '-', '_' or '.', and must start and end with an alphanumeric character (e.g. 'MyValue',  or 'my_value',  or '12345', regex used for validation is '(([A-Za-z0-9][-A-Za-z0-9_.]*)?[A-Za-z0-9])?')
Associating user x-0 in users.jenkins.io with email jenkins-x@googlegroups.com to git GitProvider user with login -0 as emails match
Adding label jenkins.io/git-github-userid=-0 to user x-0 in users.jenkins.io
WARNING: Failed to enrich commit 575f0c687c3c99b569e02be92abf0cd56b775c26 with issues: User.jenkins.io "x-0" is invalid: metadata.labels: Invalid value: "-0": a valid label must be an empty string or consist of alphanumeric characters, '-', '_' or '.', and must start and end with an alphanumeric character (e.g. 'MyValue',  or 'my_value',  or '12345', regex used for validation is '(([A-Za-z0-9][-A-Za-z0-9_.]*)?[A-Za-z0-9])?')
Finding issues in commit messages using git format
WARNING: No release found for *********/nodey434 and tag v1.0.5 so creating a new release
Updated the release information at https://github.com/*********/nodey434/releases/tag/v1.0.5
generated: /workspace/source/charts/nodey434/templates/release.yaml
Created Release nodey434-1-0-5 resource in namespace **
Updating PipelineActivity *********-nodey434-master-13 with version 1.0.5
Updated PipelineActivities *********-nodey434-master-13 with release notes URL: https://github.com/*********/nodey434/releases/tag/v1.0.5

Showing logs for build [32mjstrachan-nodey434-master-k5dfs-13[0m stage [32mfrom-build-pack[0m and container [32mstep-promote-helm-release[0m
Adding missing Helm repo: storage.googleapis.com https://storage.googleapis.com/chartmuseum.jenkins-x.io
Successfully added Helm repository storage.googleapis.com.
Adding missing Helm repo: bucketrepo http://bucketrepo/bucketrepo/charts/
Successfully added Helm repository bucketrepo.
Uploading chart file nodey434-1.0.5.tgz to http://bucketrepo/bucketrepo/charts/api/charts
Received 200 response: 

Showing logs for build [32mjstrachan-nodey434-master-k5dfs-13[0m stage [32mfrom-build-pack[0m and container [32mstep-promote-jx-promote[0m
WARNING: prow based install so skip waiting for the merge of Pull Requests to go green as currently there is an issue with gettingstatuses from the PR, see https://github.com/jenkins-x/**/issues/2410
WARNING: No $CHART_REPOSITORY defined so using the default value of: http://jenkins-x-chartmuseum:8080
Promoting app nodey434 version 1.0.5 to namespace **-staging
WARNING: 
Created Pull Request: https://github.com/*********/environment-bucketrepo-staging/pull/19
Added label updatebot to Pull Request https://github.com/*********/environment-bucketrepo-staging/pull/19
WARNING: Failed to query the Pull Request last commit status for https://github.com/*********/environment-bucketrepo-staging/pull/19 ref a5c2f0546a682f8eaeda7d9212c85293f2d69f0b Could not find a status for repository *********/environment-bucketrepo-staging with ref a5c2f0546a682f8eaeda7d9212c85293f2d69f0b
WARNING: Failed to query the Pull Request last commit status for https://github.com/*********/environment-bucketrepo-staging/pull/19 ref a5c2f0546a682f8eaeda7d9212c85293f2d69f0b Could not find a status for repository *********/environment-bucketrepo-staging with ref a5c2f0546a682f8eaeda7d9212c85293f2d69f0b
WARNING: Failed to query the Pull Request last commit status for https://github.com/*********/environment-bucketrepo-staging/pull/19 ref a5c2f0546a682f8eaeda7d9212c85293f2d69f0b Could not find a status for repository *********/environment-bucketrepo-staging with ref a5c2f0546a682f8eaeda7d9212c85293f2d69f0b
WARNING: Failed to query the Pull Request last commit status for https://github.com/*********/environment-bucketrepo-staging/pull/19 ref a5c2f0546a682f8eaeda7d9212c85293f2d69f0b Could not find a status for repository *********/environment-bucketrepo-staging with ref a5c2f0546a682f8eaeda7d9212c85293f2d69f0b
WARNING: Failed to query the Pull Request last commit status for https://github.com/*********/environment-bucketrepo-staging/pull/19 ref a5c2f0546a682f8eaeda7d9212c85293f2d69f0b Could not find a status for repository *********/environment-bucketrepo-staging with ref a5c2f0546a682f8eaeda7d9212c85293f2d69f0b
WARNING: Failed to query the Pull Request last commit status for https://github.com/*********/environment-bucketrepo-staging/pull/19 ref a5c2f0546a682f8eaeda7d9212c85293f2d69f0b Could not find a status for repository *********/environment-bucketrepo-staging with ref a5c2f0546a682f8eaeda7d9212c85293f2d69f0b
WARNING: Failed to query the Pull Request last commit status for https://github.com/*********/environment-bucketrepo-staging/pull/19 ref a5c2f0546a682f8eaeda7d9212c85293f2d69f0b Could not find a status for repository *********/environment-bucketrepo-staging with ref a5c2f0546a682f8eaeda7d9212c85293f2d69f0b
WARNING: Failed to query the Pull Request last commit status for https://github.com/*********/environment-bucketrepo-staging/pull/19 ref a5c2f0546a682f8eaeda7d9212c85293f2d69f0b Could not find a status for repository *********/environment-bucketrepo-staging with ref a5c2f0546a682f8eaeda7d9212c85293f2d69f0b
WARNING: Failed to query the Pull Request last commit status for https://github.com/*********/environment-bucketrepo-staging/pull/19 ref a5c2f0546a682f8eaeda7d9212c85293f2d69f0b Could not find a status for repository *********/environment-bucketrepo-staging with ref a5c2f0546a682f8eaeda7d9212c85293f2d69f0b
WARNING: Failed to query the Pull Request last commit status for https://github.com/*********/environment-bucketrepo-staging/pull/19 ref a5c2f0546a682f8eaeda7d9212c85293f2d69f0b Could not find a status for repository *********/environment-bucketrepo-staging with ref a5c2f0546a682f8eaeda7d9212c85293f2d69f0b
WARNING: Failed to query the Pull Request last commit status for https://github.com/*********/environment-bucketrepo-staging/pull/19 ref a5c2f0546a682f8eaeda7d9212c85293f2d69f0b Could not find a status for repository *********/environment-bucketrepo-staging with ref a5c2f0546a682f8eaeda7d9212c85293f2d69f0b
WARNING: Failed to query the Pull Request last commit status for https://github.com/*********/environment-bucketrepo-staging/pull/19 ref a5c2f0546a682f8eaeda7d9212c85293f2d69f0b Could not find a status for repository *********/environment-bucketrepo-staging with ref a5c2f0546a682f8eaeda7d9212c85293f2d69f0b
WARNING: Failed to query the Pull Request last commit status for https://github.com/*********/environment-bucketrepo-staging/pull/19 ref a5c2f0546a682f8eaeda7d9212c85293f2d69f0b Could not find a status for repository *********/environment-bucketrepo-staging with ref a5c2f0546a682f8eaeda7d9212c85293f2d69f0b
WARNING: Failed to query the Pull Request last commit status for https://github.com/*********/environment-bucketrepo-staging/pull/19 ref a5c2f0546a682f8eaeda7d9212c85293f2d69f0b Could not find a status for repository *********/environment-bucketrepo-staging with ref a5c2f0546a682f8eaeda7d9212c85293f2d69f0b
WARNING: Failed to query the Pull Request last commit status for https://github.com/*********/environment-bucketrepo-staging/pull/19 ref a5c2f0546a682f8eaeda7d9212c85293f2d69f0b Could not find a status for repository *********/environment-bucketrepo-staging with ref a5c2f0546a682f8eaeda7d9212c85293f2d69f0b
WARNING: Failed to query the Pull Request last commit status for https://github.com/*********/environment-bucketrepo-staging/pull/19 ref a5c2f0546a682f8eaeda7d9212c85293f2d69f0b Could not find a status for repository *********/environment-bucketrepo-staging with ref a5c2f0546a682f8eaeda7d9212c85293f2d69f0b
WARNING: Failed to query the Pull Request last commit status for https://github.com/*********/environment-bucketrepo-staging/pull/19 ref a5c2f0546a682f8eaeda7d9212c85293f2d69f0b Could not find a status for repository *********/environment-bucketrepo-staging with ref a5c2f0546a682f8eaeda7d9212c85293f2d69f0b
WARNING: Failed to query the Pull Request last commit status for https://github.com/*********/environment-bucketrepo-staging/pull/19 ref a5c2f0546a682f8eaeda7d9212c85293f2d69f0b Could not find a status for repository *********/environment-bucketrepo-staging with ref a5c2f0546a682f8eaeda7d9212c85293f2d69f0b
WARNING: Failed to query the Pull Request last commit status for https://github.com/*********/environment-bucketrepo-staging/pull/19 ref a5c2f0546a682f8eaeda7d9212c85293f2d69f0b Could not find a status for repository *********/environment-bucketrepo-staging with ref a5c2f0546a682f8eaeda7d9212c85293f2d69f0b
WARNING: Failed to query the Pull Request last commit status for https://github.com/*********/environment-bucketrepo-staging/pull/19 ref a5c2f0546a682f8eaeda7d9212c85293f2d69f0b Could not find a status for repository *********/environment-bucketrepo-staging with ref a5c2f0546a682f8eaeda7d9212c85293f2d69f0b
WARNING: Failed to query the Pull Request last commit status for https://github.com/*********/environment-bucketrepo-staging/pull/19 ref a5c2f0546a682f8eaeda7d9212c85293f2d69f0b Could not find a status for repository *********/environment-bucketrepo-staging with ref a5c2f0546a682f8eaeda7d9212c85293f2d69f0b
WARNING: Failed to query the Pull Request last commit status for https://github.com/*********/environment-bucketrepo-staging/pull/19 ref a5c2f0546a682f8eaeda7d9212c85293f2d69f0b Could not find a status for repository *********/environment-bucketrepo-staging with ref a5c2f0546a682f8eaeda7d9212c85293f2d69f0b
WARNING: Failed to query the Pull Request last commit status for https://github.com/*********/environment-bucketrepo-staging/pull/19 ref a5c2f0546a682f8eaeda7d9212c85293f2d69f0b Could not find a status for repository *********/environment-bucketrepo-staging with ref a5c2f0546a682f8eaeda7d9212c85293f2d69f0b
WARNING: Failed to query the Pull Request last commit status for https://github.com/*********/environment-bucketrepo-staging/pull/19 ref a5c2f0546a682f8eaeda7d9212c85293f2d69f0b Could not find a status for repository *********/environment-bucketrepo-staging with ref a5c2f0546a682f8eaeda7d9212c85293f2d69f0b
WARNING: Failed to query the Pull Request last commit status for https://github.com/*********/environment-bucketrepo-staging/pull/19 ref a5c2f0546a682f8eaeda7d9212c85293f2d69f0b Could not find a status for repository *********/environment-bucketrepo-staging with ref a5c2f0546a682f8eaeda7d9212c85293f2d69f0b
WARNING: Failed to query the Pull Request last commit status for https://github.com/*********/environment-bucketrepo-staging/pull/19 ref a5c2f0546a682f8eaeda7d9212c85293f2d69f0b Could not find a status for repository *********/environment-bucketrepo-staging with ref a5c2f0546a682f8eaeda7d9212c85293f2d69f0b
WARNING: Failed to query the Pull Request last commit status for https://github.com/*********/environment-bucketrepo-staging/pull/19 ref a5c2f0546a682f8eaeda7d9212c85293f2d69f0b Could not find a status for repository *********/environment-bucketrepo-staging with ref a5c2f0546a682f8eaeda7d9212c85293f2d69f0b
WARNING: Failed to query the Pull Request last commit status for https://github.com/*********/environment-bucketrepo-staging/pull/19 ref a5c2f0546a682f8eaeda7d9212c85293f2d69f0b Could not find a status for repository *********/environment-bucketrepo-staging with ref a5c2f0546a682f8eaeda7d9212c85293f2d69f0b
WARNING: Failed to query the Pull Request last commit status for https://github.com/*********/environment-bucketrepo-staging/pull/19 ref a5c2f0546a682f8eaeda7d9212c85293f2d69f0b Could not find a status for repository *********/environment-bucketrepo-staging with ref a5c2f0546a682f8eaeda7d9212c85293f2d69f0b
WARNING: Failed to query the Pull Request last commit status for https://github.com/*********/environment-bucketrepo-staging/pull/19 ref a5c2f0546a682f8eaeda7d9212c85293f2d69f0b Could not find a status for repository *********/environment-bucketrepo-staging with ref a5c2f0546a682f8eaeda7d9212c85293f2d69f0b
WARNING: Failed to query the Pull Request last commit status for https://github.com/*********/environment-bucketrepo-staging/pull/19 ref a5c2f0546a682f8eaeda7d9212c85293f2d69f0b Could not find a status for repository *********/environment-bucketrepo-staging with ref a5c2f0546a682f8eaeda7d9212c85293f2d69f0b
WARNING: Failed to query the Pull Request last commit status for https://github.com/*********/environment-bucketrepo-staging/pull/19 ref a5c2f0546a682f8eaeda7d9212c85293f2d69f0b Could not find a status for repository *********/environment-bucketrepo-staging with ref a5c2f0546a682f8eaeda7d9212c85293f2d69f0b
WARNING: Failed to query the Pull Request last commit status for https://github.com/*********/environment-bucketrepo-staging/pull/19 ref a5c2f0546a682f8eaeda7d9212c85293f2d69f0b Could not find a status for repository *********/environment-bucketrepo-staging with ref a5c2f0546a682f8eaeda7d9212c85293f2d69f0b
WARNING: Failed to query the Pull Request last commit status for https://github.com/*********/environment-bucketrepo-staging/pull/19 ref a5c2f0546a682f8eaeda7d9212c85293f2d69f0b Could not find a status for repository *********/environment-bucketrepo-staging with ref a5c2f0546a682f8eaeda7d9212c85293f2d69f0b
WARNING: Failed to query the Pull Request last commit status for https://github.com/*********/environment-bucketrepo-staging/pull/19 ref a5c2f0546a682f8eaeda7d9212c85293f2d69f0b Could not find a status for repository *********/environment-bucketrepo-staging with ref a5c2f0546a682f8eaeda7d9212c85293f2d69f0b
WARNING: Failed to query the Pull Request last commit status for https://github.com/*********/environment-bucketrepo-staging/pull/19 ref a5c2f0546a682f8eaeda7d9212c85293f2d69f0b Could not find a status for repository *********/environment-bucketrepo-staging with ref a5c2f0546a682f8eaeda7d9212c85293f2d69f0b
WARNING: Failed to query the Pull Request last commit status for https://github.com/*********/environment-bucketrepo-staging/pull/19 ref a5c2f0546a682f8eaeda7d9212c85293f2d69f0b Could not find a status for repository *********/environment-bucketrepo-staging with ref a5c2f0546a682f8eaeda7d9212c85293f2d69f0b
WARNING: Failed to query the Pull Request last commit status for https://github.com/*********/environment-bucketrepo-staging/pull/19 ref a5c2f0546a682f8eaeda7d9212c85293f2d69f0b Could not find a status for repository *********/environment-bucketrepo-staging with ref a5c2f0546a682f8eaeda7d9212c85293f2d69f0b
WARNING: Failed to query the Pull Request last commit status for https://github.com/*********/environment-bucketrepo-staging/pull/19 ref a5c2f0546a682f8eaeda7d9212c85293f2d69f0b Could not find a status for repository *********/environment-bucketrepo-staging with ref a5c2f0546a682f8eaeda7d9212c85293f2d69f0b
WARNING: Failed to query the Pull Request last commit status for https://github.com/*********/environment-bucketrepo-staging/pull/19 ref a5c2f0546a682f8eaeda7d9212c85293f2d69f0b Could not find a status for repository *********/environment-bucketrepo-staging with ref a5c2f0546a682f8eaeda7d9212c85293f2d69f0b
Pull Request https://github.com/*********/environment-bucketrepo-staging/pull/19 is merged at sha f317fdc6fb25ce26252d921ce89974699872f9d8
Pull Request merged but we are not waiting for the update pipeline to complete!
