
Showing logs for build [32mjstrachan-nodey434-master-4lzkn-14[0m stage [32mfrom-build-pack[0m and container [32mstep-credential-initializer-6r2hl[0m
{"level":"warn","ts":1584549774.8389082,"logger":"fallback-logger","caller":"logging/config.go:69","msg":"Fetch GitHub commit ID from kodata failed: \"ref: refs/heads/0.8.0-**-support-backwards-incompats\" is not a valid GitHub commit ID"}
{"level":"info","ts":1584549774.839476,"logger":"fallback-logger","caller":"creds-init/main.go:40","msg":"Credentials initialized."}

Showing logs for build [32mjstrachan-nodey434-master-4lzkn-14[0m stage [32mfrom-build-pack[0m and container [32mstep-working-dir-initializer-zj49l[0m
{"level":"warn","ts":1584549775.3065248,"logger":"fallback-logger","caller":"logging/config.go:69","msg":"Fetch GitHub commit ID from kodata failed: open /var/run/ko/HEAD: no such file or directory"}
{"level":"info","ts":1584549775.3074973,"logger":"fallback-logger","caller":"bash/main.go:64","msg":"Successfully executed command \"sh -c mkdir -p /workspace/source\"; output "}

Showing logs for build [32mjstrachan-nodey434-master-4lzkn-14[0m stage [32mfrom-build-pack[0m and container [32mstep-place-tools[0m

Showing logs for build [32mjstrachan-nodey434-master-4lzkn-14[0m stage [32mfrom-build-pack[0m and container [32mstep-git-source-jstrachan-nodey434-master-4lzkn-bvxhk[0m
{"level":"warn","ts":1584549807.4031403,"logger":"fallback-logger","caller":"logging/config.go:69","msg":"Fetch GitHub commit ID from kodata failed: \"ref: refs/heads/0.8.0-**-support-backwards-incompats\" is not a valid GitHub commit ID"}
{"level":"info","ts":1584549808.5332694,"logger":"fallback-logger","caller":"git/git.go:103","msg":"Successfully cloned https://github.com/*********/nodey434.git @ v1.0.6 in path /workspace/source"}

Showing logs for build [32mjstrachan-nodey434-master-4lzkn-14[0m stage [32mfrom-build-pack[0m and container [32mstep-git-merge[0m
Using SHAs from PULL_REFS=master:
WARNING: no SHAs to merge, falling back to initial cloned commit

Showing logs for build [32mjstrachan-nodey434-master-4lzkn-14[0m stage [32mfrom-build-pack[0m and container [32mstep-setup-jx-git-credentials[0m
Generated Git credentials file /workspace/xdg_config/git/credentials

Showing logs for build [32mjstrachan-nodey434-master-4lzkn-14[0m stage [32mfrom-build-pack[0m and container [32mstep-build-npmrc[0m
Command "credential" is deprecated, it will be removed on Jun 1 2020.  This is replaced by Tekton's mounted secrets
WARNING: failed to find Secret npm-token in namespace **

Showing logs for build [32mjstrachan-nodey434-master-4lzkn-14[0m stage [32mfrom-build-pack[0m and container [32mstep-build-npm-install[0m
npm notice created a lockfile as package-lock.json. You should commit this file.
npm WARN REPLACE_ME@1.0.6 No repository field.
npm WARN REPLACE_ME@1.0.6 No license field.

up to date in 0.44s
found 0 vulnerabilities


Showing logs for build [32mjstrachan-nodey434-master-4lzkn-14[0m stage [32mfrom-build-pack[0m and container [32mstep-build-npm-test[0m

> REPLACE_ME@1.0.6 test /workspace/source
> echo "no test specified" && exit 0

no test specified

Showing logs for build [32mjstrachan-nodey434-master-4lzkn-14[0m stage [32mfrom-build-pack[0m and container [32mstep-build-container-build[0m
ERROR: logging before flag.Parse: E0318 16:43:39.208600      11 metadata.go:241] Failed to unmarshal scopes: invalid character 'h' looking for beginning of value
[36mINFO[0m[0001] Downloading base image node:9-slim           
ERROR: logging before flag.Parse: E0318 16:43:39.219432      11 metadata.go:142] while reading 'google-dockercfg' metadata: http status code: 404 while fetching url http://metadata.google.internal./computeMetadata/v1/instance/attributes/google-dockercfg
ERROR: logging before flag.Parse: E0318 16:43:39.303410      11 metadata.go:159] while reading 'google-dockercfg-url' metadata: http status code: 404 while fetching url http://metadata.google.internal./computeMetadata/v1/instance/attributes/google-dockercfg-url
2020/03/18 16:43:39 No matching credentials were found, falling back on anonymous
[36mINFO[0m[0002] Error while retrieving image from cache: getting file info: stat /workspace/sha256:0e0175bbe4f8d9d104590d8d2c591017874e30977cb71aaff1cf6fa99479575c: no such file or directory 
[36mINFO[0m[0002] Downloading base image node:9-slim           
2020/03/18 16:43:40 No matching credentials were found, falling back on anonymous
[36mINFO[0m[0005] Executing 0 build triggers                   
[36mINFO[0m[0005] cmd: EXPOSE                                  
[36mINFO[0m[0005] Adding exposed port: 8080/tcp                
[36mINFO[0m[0005] Using files from context: [/workspace/source] 
[36mINFO[0m[0005] Skipping unpacking as no commands require it. 
[36mINFO[0m[0005] Taking snapshot of full filesystem...        
[36mINFO[0m[0005] ENV PORT 8080                                
[36mINFO[0m[0005] No files changed in this command, skipping snapshotting. 
[36mINFO[0m[0005] EXPOSE 8080                                  
[36mINFO[0m[0005] cmd: EXPOSE                                  
[36mINFO[0m[0005] Adding exposed port: 8080/tcp                
[36mINFO[0m[0005] No files changed in this command, skipping snapshotting. 
[36mINFO[0m[0005] WORKDIR /usr/src/app                         
[36mINFO[0m[0005] cmd: workdir                                 
[36mINFO[0m[0005] Changed working directory to /usr/src/app    
[36mINFO[0m[0005] Creating directory /usr/src/app              
[36mINFO[0m[0005] Taking snapshot of files...                  
[36mINFO[0m[0005] Using files from context: [/workspace/source] 
[36mINFO[0m[0005] COPY . .                                     
[36mINFO[0m[0006] Taking snapshot of files...                  
[36mINFO[0m[0006] CMD ["npm", "start"]                         
[36mINFO[0m[0006] No files changed in this command, skipping snapshotting. 
2020/03/18 16:43:44 existing blob: sha256:196b8e3c919d5639193ba6c6e54774528942041bbc37606631a2250502985c3c
2020/03/18 16:43:44 existing blob: sha256:5bba3ecb4cd6374a19da45f2a3db0a9c0804984358b3bb4b666c28944016e5ff
2020/03/18 16:43:44 existing blob: sha256:a88538b9cd05cfa611e43a25582a95ad7879f6fa708b0386a26b71ee62235bb3
2020/03/18 16:43:44 existing blob: sha256:7d083412657baa2dafba8d093034ef26f9ed2c90fb6ed95f76bb55aff03ed429
2020/03/18 16:43:44 existing blob: sha256:e01bd28a434b56ffd2a3fe9aa99b9b69aecca69904843edd30b1ee7150d79904
2020/03/18 16:43:48 pushed blob: sha256:0292433fdee60b1c43a5514f6a674850e912a057d74d7a7f1b7495ac28f35e49
2020/03/18 16:43:48 pushed blob: sha256:8554c9e31459c3e939fc073d92ee0943b98327b833747c33fc4f9064d8f733fa
2020/03/18 16:43:48 pushed blob: sha256:c9b7920a9f7f66231ce8d59ea251a914f5918897779c3c884f08fc6e843e00ce
2020/03/18 16:43:49 gcr.io/*********-multicluster/nodey434:1.0.6: digest: sha256:a57c0363e7a94796281799a21631547ffe72e45462b3f6cf07781c0a910b1617 size: 1404

Showing logs for build [32mjstrachan-nodey434-master-4lzkn-14[0m stage [32mfrom-build-pack[0m and container [32mstep-build-post-build[0m
no CVE provider running in the current ** namespace so skip adding image to be analysed

Showing logs for build [32mjstrachan-nodey434-master-4lzkn-14[0m stage [32mfrom-build-pack[0m and container [32mstep-promote-changelog[0m
Converted /workspace/source/charts/nodey434 to an unshallow repository
Generating change log from git ref 9036b0fc84f46217b4b93106ead8293e0ee741c1 => 8e08f93ab2798d446934c5429d69afae6d64c9cd
Associating user x-0 in users.jenkins.io with email jenkins-x@googlegroups.com to git GitProvider user with login -0 as emails match
Adding label jenkins.io/git-github-userid=-0 to user x-0 in users.jenkins.io
WARNING: Failed to enrich commit 03c214bd45c395d6ae8581010720fc772e518fdc with issues: User.jenkins.io "x-0" is invalid: metadata.labels: Invalid value: "-0": a valid label must be an empty string or consist of alphanumeric characters, '-', '_' or '.', and must start and end with an alphanumeric character (e.g. 'MyValue',  or 'my_value',  or '12345', regex used for validation is '(([A-Za-z0-9][-A-Za-z0-9_.]*)?[A-Za-z0-9])?')
Associating user x-0 in users.jenkins.io with email jenkins-x@googlegroups.com to git GitProvider user with login -0 as emails match
Adding label jenkins.io/git-github-userid=-0 to user x-0 in users.jenkins.io
WARNING: Failed to enrich commit 03c214bd45c395d6ae8581010720fc772e518fdc with issues: User.jenkins.io "x-0" is invalid: metadata.labels: Invalid value: "-0": a valid label must be an empty string or consist of alphanumeric characters, '-', '_' or '.', and must start and end with an alphanumeric character (e.g. 'MyValue',  or 'my_value',  or '12345', regex used for validation is '(([A-Za-z0-9][-A-Za-z0-9_.]*)?[A-Za-z0-9])?')
Finding issues in commit messages using git format
WARNING: No release found for *********/nodey434 and tag v1.0.6 so creating a new release
Updated the release information at https://github.com/*********/nodey434/releases/tag/v1.0.6
generated: /workspace/source/charts/nodey434/templates/release.yaml
Created Release nodey434-1-0-6 resource in namespace **
Updating PipelineActivity *********-nodey434-master-14 with version 1.0.6
Updated PipelineActivities *********-nodey434-master-14 with release notes URL: https://github.com/*********/nodey434/releases/tag/v1.0.6

Showing logs for build [32mjstrachan-nodey434-master-4lzkn-14[0m stage [32mfrom-build-pack[0m and container [32mstep-promote-helm-release[0m
Adding missing Helm repo: storage.googleapis.com https://storage.googleapis.com/chartmuseum.jenkins-x.io
Successfully added Helm repository storage.googleapis.com.
Adding missing Helm repo: bucketrepo http://bucketrepo/bucketrepo/charts/
Successfully added Helm repository bucketrepo.
Uploading chart file nodey434-1.0.6.tgz to http://bucketrepo/bucketrepo/charts/api/charts
Received 200 response: 

Showing logs for build [32mjstrachan-nodey434-master-4lzkn-14[0m stage [32mfrom-build-pack[0m and container [32mstep-promote-jx-promote[0m
WARNING: prow based install so skip waiting for the merge of Pull Requests to go green as currently there is an issue with gettingstatuses from the PR, see https://github.com/jenkins-x/**/issues/2410
WARNING: No $CHART_REPOSITORY defined so using the default value of: http://jenkins-x-chartmuseum:8080
Promoting app nodey434 version 1.0.6 to namespace **-staging
WARNING: 
Created Pull Request: https://github.com/*********/environment-bucketrepo-staging/pull/20
Added label updatebot to Pull Request https://github.com/*********/environment-bucketrepo-staging/pull/20
WARNING: Failed to query the Pull Request last commit status for https://github.com/*********/environment-bucketrepo-staging/pull/20 ref 95eca72bea31a274baeccaa492675771f49655f5 Could not find a status for repository *********/environment-bucketrepo-staging with ref 95eca72bea31a274baeccaa492675771f49655f5
got git provider status pending from PR https://github.com/*********/environment-bucketrepo-staging/pull/20
got git provider status pending from PR https://github.com/*********/environment-bucketrepo-staging/pull/20
got git provider status pending from PR https://github.com/*********/environment-bucketrepo-staging/pull/20
Pull Request https://github.com/*********/environment-bucketrepo-staging/pull/20 is merged at sha 616117c9409f2e77caa01f52ab410b4b6c5be056
Pull Request merged but we are not waiting for the update pipeline to complete!
