
Showing logs for build [32mmeta-jstrachan-nodey434-master-jfbgh-5[0m stage [32mmeta-pipeline[0m and container [32mstep-credential-initializer-gd2tg[0m
{"level":"warn","ts":1584475303.110507,"logger":"fallback-logger","caller":"logging/config.go:69","msg":"Fetch GitHub commit ID from kodata failed: \"ref: refs/heads/0.8.0-**-support-backwards-incompats\" is not a valid GitHub commit ID"}
{"level":"info","ts":1584475303.1112013,"logger":"fallback-logger","caller":"creds-init/main.go:40","msg":"Credentials initialized."}

Showing logs for build [32mmeta-jstrachan-nodey434-master-jfbgh-5[0m stage [32mmeta-pipeline[0m and container [32mstep-working-dir-initializer-66k6m[0m
{"level":"warn","ts":1584475303.841524,"logger":"fallback-logger","caller":"logging/config.go:69","msg":"Fetch GitHub commit ID from kodata failed: open /var/run/ko/HEAD: no such file or directory"}
{"level":"info","ts":1584475303.843553,"logger":"fallback-logger","caller":"bash/main.go:64","msg":"Successfully executed command \"sh -c mkdir -p /workspace/source\"; output "}

Showing logs for build [32mmeta-jstrachan-nodey434-master-jfbgh-5[0m stage [32mmeta-pipeline[0m and container [32mstep-place-tools[0m

Showing logs for build [32mmeta-jstrachan-nodey434-master-jfbgh-5[0m stage [32mmeta-pipeline[0m and container [32mstep-git-source-meta-jstrachan-nodey434-master-jfbgh-5j2zk[0m
{"level":"warn","ts":1584475309.0049694,"logger":"fallback-logger","caller":"logging/config.go:69","msg":"Fetch GitHub commit ID from kodata failed: \"ref: refs/heads/0.8.0-**-support-backwards-incompats\" is not a valid GitHub commit ID"}
{"level":"info","ts":1584475310.0943587,"logger":"fallback-logger","caller":"git/git.go:103","msg":"Successfully cloned https://github.com/*********/nodey434.git @ efb4d80adf20985ff823b3b93d382c5c3a3dfce4 in path /workspace/source"}

Showing logs for build [32mmeta-jstrachan-nodey434-master-jfbgh-5[0m stage [32mmeta-pipeline[0m and container [32mstep-git-merge[0m
Using SHAs from PULL_REFS=master:efb4d80adf20985ff823b3b93d382c5c3a3dfce4
WARNING: no SHAs to merge, falling back to initial cloned commit

Showing logs for build [32mmeta-jstrachan-nodey434-master-jfbgh-5[0m stage [32mmeta-pipeline[0m and container [32mstep-merge-pull-refs[0m
SKIP merge-pull-refs: Nothing to merge

Showing logs for build [32mmeta-jstrachan-nodey434-master-jfbgh-5[0m stage [32mmeta-pipeline[0m and container [32mstep-create-effective-pipeline[0m
Effective pipeline written to jenkins-x-effective.yml

Showing logs for build [32mmeta-jstrachan-nodey434-master-jfbgh-5[0m stage [32mmeta-pipeline[0m and container [32mstep-create-tekton-crds[0m
running command: echo \$(**-release-version) > VERSION

running command: ** step tag --version \$(cat VERSION)
Updating chart version in charts/nodey434/Chart.yaml to 0.0.8
Updating repository in charts/nodey434/values.yaml to gcr.io/*********-multicluster/nodey434
Updating tag in charts/nodey434/values.yaml to 0.0.8
error: Have you set up a git credential helper? See https://help.github.com/articles/caching-your-github-password-in-git/
: git output: To https://github.com/*********/nodey434.git
 ! [remote rejected] v0.0.8 -> v0.0.8 (cannot lock ref 'refs/tags/v0.0.8': reference already exists)
error: failed to push some refs to 'https://github.com/*********/nodey434.git': failed to run 'git push origin v0.0.8' command in directory '', output: 'To https://github.com/*********/nodey434.git
 ! [remote rejected] v0.0.8 -> v0.0.8 (cannot lock ref 'refs/tags/v0.0.8': reference already exists)
error: failed to push some refs to 'https://github.com/*********/nodey434.git''
error: failed to set the version on release pipelines: failed to run '/bin/sh -c ** step tag --version $(cat VERSION)' command in directory '/workspace/source', output: ''
[31m
Pipeline failed on stage 'meta-pipeline' : container 'step-create-tekton-crds'. The execution of the pipeline has stopped.[0m
